C:\USERS\BROCK\DOCUMENTS\GITHUB\PROJECT3\PROJECT3\PROJECT3\DEBUG\GAME.OBJ
C:\USERS\BROCK\DOCUMENTS\GITHUB\PROJECT3\PROJECT3\PROJECT3\DEBUG\MAIN.OBJ
C:\USERS\BROCK\DOCUMENTS\GITHUB\PROJECT3\PROJECT3\PROJECT3\DEBUG\SOUND.OBJ
C:\USERS\BROCK\DOCUMENTS\GITHUB\PROJECT3\PROJECT3\PROJECT3\DEBUG\TEXT.OBJ
C:\USERS\BROCK\DOCUMENTS\GITHUB\PROJECT3\PROJECT3\PROJECT3\DEBUG\TEXTURE.OBJ
C:\USERS\BROCK\DOCUMENTS\GITHUB\PROJECT3\PROJECT3\PROJECT3\DEBUG\TIMER.OBJ
C:\USERS\BROCK\DOCUMENTS\GITHUB\PROJECT3\PROJECT3\PROJECT3\DEBUG\VC110.PDB
C:\USERS\BROCK\DOCUMENTS\GITHUB\PROJECT3\PROJECT3\DEBUG\PROJECT3.ILK
C:\USERS\BROCK\DOCUMENTS\GITHUB\PROJECT3\PROJECT3\DEBUG\PROJECT3.EXE
C:\USERS\BROCK\DOCUMENTS\GITHUB\PROJECT3\PROJECT3\DEBUG\PROJECT3.PDB
C:\Users\Brock\Documents\GitHub\Project3\Project3\Project3\Debug\Game.obj
C:\Users\Brock\Documents\GitHub\Project3\Project3\Project3\Debug\Main.obj
C:\Users\Brock\Documents\GitHub\Project3\Project3\Project3\Debug\Sound.obj
C:\Users\Brock\Documents\GitHub\Project3\Project3\Project3\Debug\Text.obj
C:\Users\Brock\Documents\GitHub\Project3\Project3\Project3\Debug\Texture.obj
C:\Users\Brock\Documents\GitHub\Project3\Project3\Project3\Debug\Timer.obj
C:\Users\Brock\Documents\GitHub\Project3\Project3\Project3\Debug\cl.command.1.tlog
C:\Users\Brock\Documents\GitHub\Project3\Project3\Project3\Debug\CL.read.1.tlog
C:\Users\Brock\Documents\GitHub\Project3\Project3\Project3\Debug\CL.write.1.tlog
C:\Users\Brock\Documents\GitHub\Project3\Project3\Project3\Debug\link-cvtres.read.1.tlog
C:\Users\Brock\Documents\GitHub\Project3\Project3\Project3\Debug\link-cvtres.write.1.tlog
C:\Users\Brock\Documents\GitHub\Project3\Project3\Project3\Debug\link-rc.read.1.tlog
C:\Users\Brock\Documents\GitHub\Project3\Project3\Project3\Debug\link-rc.write.1.tlog
C:\Users\Brock\Documents\GitHub\Project3\Project3\Project3\Debug\link.2076-cvtres.read.1.tlog
C:\Users\Brock\Documents\GitHub\Project3\Project3\Project3\Debug\link.2076-cvtres.write.1.tlog
C:\Users\Brock\Documents\GitHub\Project3\Project3\Project3\Debug\link.2076-rc.read.1.tlog
C:\Users\Brock\Documents\GitHub\Project3\Project3\Project3\Debug\link.2076-rc.write.1.tlog
C:\Users\Brock\Documents\GitHub\Project3\Project3\Project3\Debug\link.2076.read.1.tlog
C:\Users\Brock\Documents\GitHub\Project3\Project3\Project3\Debug\link.2076.write.1.tlog
C:\Users\Brock\Documents\GitHub\Project3\Project3\Project3\Debug\link.2704-cvtres.read.1.tlog
C:\Users\Brock\Documents\GitHub\Project3\Project3\Project3\Debug\link.2704-cvtres.write.1.tlog
C:\Users\Brock\Documents\GitHub\Project3\Project3\Project3\Debug\link.2704-rc.read.1.tlog
C:\Users\Brock\Documents\GitHub\Project3\Project3\Project3\Debug\link.2704-rc.write.1.tlog
C:\Users\Brock\Documents\GitHub\Project3\Project3\Project3\Debug\link.2704.read.1.tlog
C:\Users\Brock\Documents\GitHub\Project3\Project3\Project3\Debug\link.2704.write.1.tlog
C:\Users\Brock\Documents\GitHub\Project3\Project3\Project3\Debug\link.4296-cvtres.read.1.tlog
C:\Users\Brock\Documents\GitHub\Project3\Project3\Project3\Debug\link.4296-cvtres.write.1.tlog
C:\Users\Brock\Documents\GitHub\Project3\Project3\Project3\Debug\link.4296-rc.read.1.tlog
C:\Users\Brock\Documents\GitHub\Project3\Project3\Project3\Debug\link.4296-rc.write.1.tlog
C:\Users\Brock\Documents\GitHub\Project3\Project3\Project3\Debug\link.4296.read.1.tlog
C:\Users\Brock\Documents\GitHub\Project3\Project3\Project3\Debug\link.4296.write.1.tlog
C:\Users\Brock\Documents\GitHub\Project3\Project3\Project3\Debug\link.4712-cvtres.read.1.tlog
C:\Users\Brock\Documents\GitHub\Project3\Project3\Project3\Debug\link.4712-cvtres.write.1.tlog
C:\Users\Brock\Documents\GitHub\Project3\Project3\Project3\Debug\link.4712-rc.read.1.tlog
C:\Users\Brock\Documents\GitHub\Project3\Project3\Project3\Debug\link.4712-rc.write.1.tlog
C:\Users\Brock\Documents\GitHub\Project3\Project3\Project3\Debug\link.4712.read.1.tlog
C:\Users\Brock\Documents\GitHub\Project3\Project3\Project3\Debug\link.4712.write.1.tlog
C:\Users\Brock\Documents\GitHub\Project3\Project3\Project3\Debug\link.command.1.tlog
C:\Users\Brock\Documents\GitHub\Project3\Project3\Project3\Debug\link.read.1.tlog
C:\Users\Brock\Documents\GitHub\Project3\Project3\Project3\Debug\link.write.1.tlog
C:\Users\Brock\Documents\GitHub\Project3\Project3\Project3\Debug\vc110.idb
C:\Users\Brock\Documents\GitHub\Project3\Project3\Project3\Debug\vc110.pdb
C:\Users\Brock\Documents\GitHub\Project3\Project3\Debug\Project3.pdb
C:\Users\Brock\Documents\GitHub\Project3\Project3\Debug\Project3.exe
C:\Users\Brock\Documents\GitHub\Project3\Project3\Debug\Project3.ilk
